2022-01-25 08:59:18,687-INFO-Start : =========================================================================
2022-01-25 08:59:18,687-INFO-<soapenv:Envelope xmlns:soapenv="http://schemas.xmlsoap.org/soap/envelope/">
   <soapenv:Header/>
   <soapenv:Body> 
<DataService version="2.0" xsi:schemaLocation="http://www.tibco.com/cim/services/mastercatalogrecord/wsdl/2.0 ..\..\..\MasterCatalogRecord_Action.xsd" xmlns:xsi="http://www.w3.org/2001/XMLSchema-instance" xmlns="http://www.tibco.com/cim/services/mastercatalogrecord/wsdl/2.0">
    <Identity>
        <DirectoryPath>
            <Directory type="Enterprise">PRODUCT</Directory>
            <Directory type="User">crms</Directory>
        </DirectoryPath>
        <Authentication>Crms@123</Authentication>
    </Identity>
    <Transaction>
        <!--The Supported CommandTypes for Save are Add and Modify-->
        <Command type="Add">
            <!--The Suppored commandqualifier for Save are Validate/Process, NoValidate/Process, default is Validate/Process-->
            <MasterCatalogRecord etype="Entity" commandqualifier="Validate/Process">
                <ExternalKeys>
                    <Key name="MASTERCATALOGNAME" type="string">CR_INFORMATION</Key>
                    <Key name="PRODUCTID" type="string">CR_00015</Key>
                    <!-- <Key name="PRODUCTIDEXT" type="string">$(PRODUCTIDEXTENSION)</Key> -->
                </ExternalKeys>
                <EntityData>
                    <Attribute name="PRODUCTID" type="string">CR_00015</Attribute>
                    <Attribute name="STATUS" type="string">Start of Config</Attribute>
                    <Attribute name="INFORMATION" type="string">MentionedLocation</Attribute>
                </EntityData>
            </MasterCatalogRecord>
        </Command>
    </Transaction>
</DataService>
 </soapenv:Body>
</soapenv:Envelope>

2022-01-25 08:59:18,687-INFO-Response : =================================
2022-01-25 08:59:18,687-INFO-<?xml version='1.0' encoding='utf-8'?><soapenv:Envelope xmlns:soapenv="http://schemas.xmlsoap.org/soap/envelope/"><soapenv:Body><DataService xmlns="http://www.tibco.com/cim/services/mastercatalogrecord/wsdl/2.0" xmlns:xsi="http://www.w3.org/2001/XMLSchema-instance" version="2.0" xsi:schemaLocation="http://www.tibco.com/cim/services/mastercatalogrecord/wsdl/2.0 schemas/MasterCatalogRecord_Action.xsd">
<Transaction>
<Response type="Add">
<MasterCatalogRecord etype="Entity" commandqualifier="Validate/Process">
<ExternalKeys>
<Key name="MASTERCATALOGNAME" type="string"><![CDATA[CR_INFORMATION]]></Key>
<Key name="PRODUCTID" type="string"><![CDATA[CR_00015]]></Key>
</ExternalKeys>
<EntityData>
<Attribute name="PRODUCTID" type="string"><![CDATA[CR_00015]]></Attribute>
<Attribute name="STATUS" type="string"><![CDATA[Start of Config]]></Attribute>
<Attribute name="INFORMATION" type="string"><![CDATA[MentionedLocation]]></Attribute>
</EntityData>
</MasterCatalogRecord>
<ResultList highestSeverity="Error">
<Result severity="Error" code="CAT-1363">
<Description lang="en">Cannot save record; record already exists. If you cannot find a confirmed version of this record, it may currently be in add or delete approval process.</Description>
</Result>
</ResultList>
</Response>
<TransactionResult result="Failed">
<SuccessCount>0</SuccessCount>
</TransactionResult>
</Transaction>
</DataService></soapenv:Body></soapenv:Envelope>
2022-01-25 08:59:18,688-INFO-End : =========================================================================
2022-01-25 08:59:46,699-INFO-Start : =========================================================================
2022-01-25 08:59:46,699-INFO-<soapenv:Envelope xmlns:soapenv="http://schemas.xmlsoap.org/soap/envelope/">
   <soapenv:Header/>
   <soapenv:Body> 
<DataService version="2.0" xsi:schemaLocation="http://www.tibco.com/cim/services/mastercatalogrecord/wsdl/2.0 ..\..\..\MasterCatalogRecord_Action.xsd" xmlns:xsi="http://www.w3.org/2001/XMLSchema-instance" xmlns="http://www.tibco.com/cim/services/mastercatalogrecord/wsdl/2.0">
    <Identity>
        <DirectoryPath>
            <Directory type="Enterprise">PRODUCT</Directory>
            <Directory type="User">crms</Directory>
        </DirectoryPath>
        <Authentication>Crms@123</Authentication>
    </Identity>
    <Transaction>
        <!--The Supported CommandTypes for Save are Add and Modify-->
        <Command type="Add">
            <!--The Suppored commandqualifier for Save are Validate/Process, NoValidate/Process, default is Validate/Process-->
            <MasterCatalogRecord etype="Entity" commandqualifier="Validate/Process">
                <ExternalKeys>
                    <Key name="MASTERCATALOGNAME" type="string">CR_INFORMATION</Key>
                    <Key name="PRODUCTID" type="string">CR_00515</Key>
                    <!-- <Key name="PRODUCTIDEXT" type="string">$(PRODUCTIDEXTENSION)</Key> -->
                </ExternalKeys>
                <EntityData>
                    <Attribute name="PRODUCTID" type="string">CR_00515</Attribute>
                    <Attribute name="STATUS" type="string">Start of Config</Attribute>
                    <Attribute name="INFORMATION" type="string">MentionedLocation</Attribute>
                </EntityData>
            </MasterCatalogRecord>
        </Command>
    </Transaction>
</DataService>
 </soapenv:Body>
</soapenv:Envelope>

2022-01-25 08:59:46,699-INFO-Response : =================================
2022-01-25 08:59:46,699-INFO-<?xml version='1.0' encoding='utf-8'?><soapenv:Envelope xmlns:soapenv="http://schemas.xmlsoap.org/soap/envelope/"><soapenv:Body><DataService xmlns="http://www.tibco.com/cim/services/mastercatalogrecord/wsdl/2.0" xmlns:xsi="http://www.w3.org/2001/XMLSchema-instance" version="2.0" xsi:schemaLocation="http://www.tibco.com/cim/services/mastercatalogrecord/wsdl/2.0 schemas/MasterCatalogRecord_Action.xsd">
<Transaction>
<Response type="Add">
<MasterCatalogRecord etype="Entity" commandqualifier="Validate/Process">
<ExternalKeys>
<Key name="MASTERCATALOGNAME" type="string"><![CDATA[CR_INFORMATION]]></Key>
<Key name="PRODUCTID" type="string"><![CDATA[CR_00515]]></Key>
</ExternalKeys>
<EntityData>
<Attribute name="PRODUCTID" type="string"><![CDATA[CR_00515]]></Attribute>
<Attribute name="STATUS" type="string"><![CDATA[Start of Config]]></Attribute>
<Attribute name="INFORMATION" type="string"><![CDATA[MentionedLocation]]></Attribute>
</EntityData>
</MasterCatalogRecord>
<ResultList highestSeverity="Info" reference="Add">
<Result severity="Info" code="SVC-11025">
<Description lang="en"><![CDATA[Service 'Validate/Process' executed successfully.]]></Description>
</Result>
</ResultList>
</Response>
<TransactionResult result="Completed">
<SuccessCount>1</SuccessCount>
<EventID>719563</EventID>
</TransactionResult>
</Transaction>
</DataService></soapenv:Body></soapenv:Envelope>
2022-01-25 08:59:46,700-INFO-End : =========================================================================
2022-01-25 09:02:49,902-INFO-Start : =========================================================================
2022-01-25 09:02:49,902-INFO-<soapenv:Envelope xmlns:soapenv="http://schemas.xmlsoap.org/soap/envelope/">
   <soapenv:Header/>
   <soapenv:Body> 
<DataService version="2.0" xsi:schemaLocation="http://www.tibco.com/cim/services/mastercatalogrecord/wsdl/2.0 ..\..\..\MasterCatalogRecord_Action.xsd" xmlns:xsi="http://www.w3.org/2001/XMLSchema-instance" xmlns="http://www.tibco.com/cim/services/mastercatalogrecord/wsdl/2.0">
    <Identity>
        <DirectoryPath>
            <Directory type="Enterprise">PRODUCT</Directory>
            <Directory type="User">crms</Directory>
        </DirectoryPath>
        <Authentication>Crms@123</Authentication>
    </Identity>
    <Transaction>
        <!--The Supported CommandTypes for Save are Add and Modify-->
        <Command type="Add">
            <!--The Suppored commandqualifier for Save are Validate/Process, NoValidate/Process, default is Validate/Process-->
            <MasterCatalogRecord etype="Entity" commandqualifier="Validate/Process">
                <ExternalKeys>
                    <Key name="MASTERCATALOGNAME" type="string">CR_INFORMATION</Key>
                    <Key name="PRODUCTID" type="string">CR_00515</Key>
                    <!-- <Key name="PRODUCTIDEXT" type="string">$(PRODUCTIDEXTENSION)</Key> -->
                </ExternalKeys>
                <EntityData>
                    <Attribute name="PRODUCTID" type="string">CR_00515</Attribute>
                    <Attribute name="STATUS" type="string">Start of Config</Attribute>
                    <Attribute name="INFORMATION" type="string">MentionedLocation</Attribute>
                </EntityData>
            </MasterCatalogRecord>
        </Command>
    </Transaction>
</DataService>
 </soapenv:Body>
</soapenv:Envelope>

2022-01-25 09:02:49,902-INFO-Response : =================================
2022-01-25 09:02:49,903-INFO-<?xml version='1.0' encoding='utf-8'?><soapenv:Envelope xmlns:soapenv="http://schemas.xmlsoap.org/soap/envelope/"><soapenv:Body><DataService xmlns="http://www.tibco.com/cim/services/mastercatalogrecord/wsdl/2.0" xmlns:xsi="http://www.w3.org/2001/XMLSchema-instance" version="2.0" xsi:schemaLocation="http://www.tibco.com/cim/services/mastercatalogrecord/wsdl/2.0 schemas/MasterCatalogRecord_Action.xsd">
<Transaction>
<Response type="Add">
<MasterCatalogRecord etype="Entity" commandqualifier="Validate/Process">
<ExternalKeys>
<Key name="MASTERCATALOGNAME" type="string"><![CDATA[CR_INFORMATION]]></Key>
<Key name="PRODUCTID" type="string"><![CDATA[CR_00515]]></Key>
</ExternalKeys>
<EntityData>
<Attribute name="PRODUCTID" type="string"><![CDATA[CR_00515]]></Attribute>
<Attribute name="STATUS" type="string"><![CDATA[Start of Config]]></Attribute>
<Attribute name="INFORMATION" type="string"><![CDATA[MentionedLocation]]></Attribute>
</EntityData>
</MasterCatalogRecord>
<ResultList highestSeverity="Error">
<Result severity="Error" code="CAT-1363">
<Description lang="en">Cannot save record; record already exists. If you cannot find a confirmed version of this record, it may currently be in add or delete approval process.</Description>
</Result>
</ResultList>
</Response>
<TransactionResult result="Failed">
<SuccessCount>0</SuccessCount>
</TransactionResult>
</Transaction>
</DataService></soapenv:Body></soapenv:Envelope>
2022-01-25 09:02:49,903-INFO-End : =========================================================================
2022-01-25 09:04:40,288-INFO-Start : =========================================================================
2022-01-25 09:04:40,288-INFO-<soapenv:Envelope xmlns:soapenv="http://schemas.xmlsoap.org/soap/envelope/">
   <soapenv:Header/>
   <soapenv:Body>
<DataService version="2.0" xsi:schemaLocation="http://www.tibco.com/cim/services/mastercatalogrecord/wsdl/2.0 ..\..\..\MasterCatalogRecord_Action.xsd" xmlns:xsi="http://www.w3.org/2001/XMLSchema-instance" xmlns="http://www.tibco.com/cim/services/mastercatalogrecord/wsdl/2.0">
    <Identity>
        <DirectoryPath>
            <Directory type="Enterprise">CheckTest</Directory>
            <Directory type="User">test</Directory>
        </DirectoryPath>
        <Authentication>Test@123</Authentication>
    </Identity>
    <Transaction>
        <!--The Supported CommandTypes for Save are Add and Modify-->
        <Command type="Modify">
            <!--The Suppored commandqualifier for Save are Validate/Process, NoValidate/Process, default is Validate/Process-->
            <MasterCatalogRecord etype="Entity" commandqualifier="Validate/Process">
                <ExternalKeys>
                    <Key name="MASTERCATALOGNAME" type="string">CR_INFORMATION</Key>
                    <Key name="PRODUCTID" type="string">CR_00515</Key>
                    <!-- <Key name="PRODUCTIDEXT" type="string">$(PRODUCTIDEXTENSION)</Key> -->
                </ExternalKeys>
                <EntityData>
                    <Attribute name="PRODUCTID" type="string">CR_00515</Attribute>
                    <Attribute name="STATUS" type="string">Ready for APC Sync</Attribute>
                    <Attribute name="INFORMATION" type="string">MentionedLocation</Attribute>
                </EntityData>
            </MasterCatalogRecord>
        </Command>
    </Transaction>
</DataService>
   </soapenv:Body>
</soapenv:Envelope>
2022-01-25 09:04:40,289-INFO-Response : =================================
2022-01-25 09:04:40,289-INFO-<?xml version='1.0' encoding='utf-8'?><soapenv:Envelope xmlns:soapenv="http://schemas.xmlsoap.org/soap/envelope/"><soapenv:Body><DataService xmlns="http://www.tibco.com/cim/services/mastercatalogrecord/wsdl/2.0" xmlns:xsi="http://www.w3.org/2001/XMLSchema-instance" version="2.0" xsi:schemaLocation="http://www.tibco.com/cim/services/mastercatalogrecord/wsdl/2.0 ../MasterCatalogRecord_Action.xsd"><Result code="GEN-7048" severity="Error"><Description lang="en">Invalid company 'CHECKTEST'.</Description></Result></DataService></soapenv:Body></soapenv:Envelope>
2022-01-25 09:04:40,289-INFO-End : =========================================================================
2022-01-25 09:06:41,072-INFO-Start : =========================================================================
2022-01-25 09:06:41,072-INFO-<soapenv:Envelope xmlns:soapenv="http://schemas.xmlsoap.org/soap/envelope/">
   <soapenv:Header/>
   <soapenv:Body>
<DataService version="2.0" xsi:schemaLocation="http://www.tibco.com/cim/services/mastercatalogrecord/wsdl/2.0 ..\..\..\MasterCatalogRecord_Action.xsd" xmlns:xsi="http://www.w3.org/2001/XMLSchema-instance" xmlns="http://www.tibco.com/cim/services/mastercatalogrecord/wsdl/2.0">
    <Identity>
        <DirectoryPath>
            <Directory type="Enterprise">PRODUCT</Directory>
            <Directory type="User">crms</Directory>
        </DirectoryPath>
        <Authentication>Crms@123</Authentication>
    </Identity>
    <Transaction>
        <!--The Supported CommandTypes for Save are Add and Modify-->
        <Command type="Modify">
            <!--The Suppored commandqualifier for Save are Validate/Process, NoValidate/Process, default is Validate/Process-->
            <MasterCatalogRecord etype="Entity" commandqualifier="Validate/Process">
                <ExternalKeys>
                    <Key name="MASTERCATALOGNAME" type="string">CR_INFORMATION</Key>
                    <Key name="PRODUCTID" type="string">CR_00515</Key>
                    <!-- <Key name="PRODUCTIDEXT" type="string">$(PRODUCTIDEXTENSION)</Key> -->
                </ExternalKeys>
                <EntityData>
                    <Attribute name="PRODUCTID" type="string">CR_00515</Attribute>
                    <Attribute name="STATUS" type="string">Ready for APC Sync</Attribute>
                    <Attribute name="INFORMATION" type="string">MentionedLocation</Attribute>
                </EntityData>
            </MasterCatalogRecord>
        </Command>
    </Transaction>
</DataService>
   </soapenv:Body>
</soapenv:Envelope>
2022-01-25 09:06:41,072-INFO-Response : =================================
2022-01-25 09:06:41,073-INFO-<?xml version='1.0' encoding='utf-8'?><soapenv:Envelope xmlns:soapenv="http://schemas.xmlsoap.org/soap/envelope/"><soapenv:Body><DataService xmlns="http://www.tibco.com/cim/services/mastercatalogrecord/wsdl/2.0" xmlns:xsi="http://www.w3.org/2001/XMLSchema-instance" version="2.0" xsi:schemaLocation="http://www.tibco.com/cim/services/mastercatalogrecord/wsdl/2.0 schemas/MasterCatalogRecord_Action.xsd">
<Transaction>
<Response type="Modify">
<MasterCatalogRecord etype="Entity" commandqualifier="Validate/Process">
<ExternalKeys>
<Key name="MASTERCATALOGNAME" type="string"><![CDATA[CR_INFORMATION]]></Key>
<Key name="PRODUCTID" type="string"><![CDATA[CR_00515]]></Key>
</ExternalKeys>
<EntityData>
<Attribute name="PRODUCTID" type="string"><![CDATA[CR_00515]]></Attribute>
<Attribute name="STATUS" type="string"><![CDATA[Ready for APC Sync]]></Attribute>
<Attribute name="INFORMATION" type="string"><![CDATA[MentionedLocation]]></Attribute>
</EntityData>
</MasterCatalogRecord>
<ResultList highestSeverity="Error">
<Result severity="Error" code="SEC-5503">
<Description lang="en">Attempt to execute 'Edit when record is in workflow' denied on CR_INFORMATION RECORD (190980).</Description>
</Result>
</ResultList>
</Response>
<TransactionResult result="Failed">
<SuccessCount>0</SuccessCount>
</TransactionResult>
</Transaction>
</DataService></soapenv:Body></soapenv:Envelope>
2022-01-25 09:06:41,073-INFO-End : =========================================================================
2022-01-25 09:10:56,094-INFO-Start : =========================================================================
2022-01-25 09:10:56,095-INFO-<soapenv:Envelope xmlns:soapenv="http://schemas.xmlsoap.org/soap/envelope/">
   <soapenv:Header/>
   <soapenv:Body>
<DataService version="2.0" xsi:schemaLocation="http://www.tibco.com/cim/services/mastercatalogrecord/wsdl/2.0 ..\..\..\MasterCatalogRecord_Action.xsd" xmlns:xsi="http://www.w3.org/2001/XMLSchema-instance" xmlns="http://www.tibco.com/cim/services/mastercatalogrecord/wsdl/2.0">
    <Identity>
        <DirectoryPath>
            <Directory type="Enterprise">PRODUCT</Directory>
            <Directory type="User">crms</Directory>
        </DirectoryPath>
        <Authentication>Crms@123</Authentication>
    </Identity>
    <Transaction>
        <!--The Supported CommandTypes for Save are Add and Modify-->
        <Command type="Modify">
            <!--The Suppored commandqualifier for Save are Validate/Process, NoValidate/Process, default is Validate/Process-->
            <MasterCatalogRecord etype="Entity" commandqualifier="Validate/Process">
                <ExternalKeys>
                    <Key name="MASTERCATALOGNAME" type="string">CR_INFORMATION</Key>
                    <Key name="PRODUCTID" type="string">CR_00515</Key>
                    <!-- <Key name="PRODUCTIDEXT" type="string">$(PRODUCTIDEXTENSION)</Key> -->
                </ExternalKeys>
                <EntityData>
                    <Attribute name="PRODUCTID" type="string">CR_00515</Attribute>
                    <Attribute name="STATUS" type="string">Pre-UAT success</Attribute>
                    <Attribute name="INFORMATION" type="string">MentionedLocation</Attribute>
                </EntityData>
            </MasterCatalogRecord>
        </Command>
    </Transaction>
</DataService>
   </soapenv:Body>
</soapenv:Envelope>
2022-01-25 09:10:56,095-INFO-Response : =================================
2022-01-25 09:10:56,095-INFO-<?xml version='1.0' encoding='utf-8'?><soapenv:Envelope xmlns:soapenv="http://schemas.xmlsoap.org/soap/envelope/"><soapenv:Body><DataService xmlns="http://www.tibco.com/cim/services/mastercatalogrecord/wsdl/2.0" xmlns:xsi="http://www.w3.org/2001/XMLSchema-instance" version="2.0" xsi:schemaLocation="http://www.tibco.com/cim/services/mastercatalogrecord/wsdl/2.0 schemas/MasterCatalogRecord_Action.xsd">
<Transaction>
<Response type="Modify">
<MasterCatalogRecord etype="Entity" commandqualifier="Validate/Process">
<ExternalKeys>
<Key name="MASTERCATALOGNAME" type="string"><![CDATA[CR_INFORMATION]]></Key>
<Key name="PRODUCTID" type="string"><![CDATA[CR_00515]]></Key>
</ExternalKeys>
<EntityData>
<Attribute name="PRODUCTID" type="string"><![CDATA[CR_00515]]></Attribute>
<Attribute name="STATUS" type="string"><![CDATA[Pre-UAT success]]></Attribute>
<Attribute name="INFORMATION" type="string"><![CDATA[MentionedLocation]]></Attribute>
</EntityData>
</MasterCatalogRecord>
<ResultList highestSeverity="Error">
<Result severity="Error" code="SEC-5503">
<Description lang="en">Attempt to execute 'Edit when record is in workflow' denied on CR_INFORMATION RECORD (190980).</Description>
</Result>
</ResultList>
</Response>
<TransactionResult result="Failed">
<SuccessCount>0</SuccessCount>
</TransactionResult>
</Transaction>
</DataService></soapenv:Body></soapenv:Envelope>
2022-01-25 09:10:56,095-INFO-End : =========================================================================
2022-01-25 09:13:38,692-INFO-Start : =========================================================================
2022-01-25 09:13:38,692-INFO-<soapenv:Envelope xmlns:soapenv="http://schemas.xmlsoap.org/soap/envelope/">
   <soapenv:Header/>
   <soapenv:Body>
<DataService version="2.0" xsi:schemaLocation="http://www.tibco.com/cim/services/mastercatalogrecord/wsdl/2.0 ..\..\..\MasterCatalogRecord_Action.xsd" xmlns:xsi="http://www.w3.org/2001/XMLSchema-instance" xmlns="http://www.tibco.com/cim/services/mastercatalogrecord/wsdl/2.0">
    <Identity>
        <DirectoryPath>
            <Directory type="Enterprise">PRODUCT</Directory>
            <Directory type="User">crms</Directory>
        </DirectoryPath>
        <Authentication>Crms@123</Authentication>
    </Identity>
    <Transaction>
        <!--The Supported CommandTypes for Save are Add and Modify-->
        <Command type="Modify">
            <!--The Suppored commandqualifier for Save are Validate/Process, NoValidate/Process, default is Validate/Process-->
            <MasterCatalogRecord etype="Entity" commandqualifier="Validate/Process">
                <ExternalKeys>
                    <Key name="MASTERCATALOGNAME" type="string">CR_INFORMATION</Key>
                    <Key name="PRODUCTID" type="string">CR_00515</Key>
                    <!-- <Key name="PRODUCTIDEXT" type="string">$(PRODUCTIDEXTENSION)</Key> -->
                </ExternalKeys>
                <EntityData>
                    <Attribute name="PRODUCTID" type="string">CR_00515</Attribute>
                    <Attribute name="STATUS" type="string">UAT-Success</Attribute>
                    <Attribute name="INFORMATION" type="string">MentionedLocation</Attribute>
                </EntityData>
            </MasterCatalogRecord>
        </Command>
    </Transaction>
</DataService>
   </soapenv:Body>
</soapenv:Envelope>
2022-01-25 09:13:38,692-INFO-Response : =================================
2022-01-25 09:13:38,692-INFO-<?xml version='1.0' encoding='utf-8'?><soapenv:Envelope xmlns:soapenv="http://schemas.xmlsoap.org/soap/envelope/"><soapenv:Body><DataService xmlns="http://www.tibco.com/cim/services/mastercatalogrecord/wsdl/2.0" xmlns:xsi="http://www.w3.org/2001/XMLSchema-instance" version="2.0" xsi:schemaLocation="http://www.tibco.com/cim/services/mastercatalogrecord/wsdl/2.0 schemas/MasterCatalogRecord_Action.xsd">
<Transaction>
<Response type="Modify">
<MasterCatalogRecord etype="Entity" commandqualifier="Validate/Process">
<ExternalKeys>
<Key name="MASTERCATALOGNAME" type="string"><![CDATA[CR_INFORMATION]]></Key>
<Key name="PRODUCTID" type="string"><![CDATA[CR_00515]]></Key>
</ExternalKeys>
<EntityData>
<Attribute name="PRODUCTID" type="string"><![CDATA[CR_00515]]></Attribute>
<Attribute name="STATUS" type="string"><![CDATA[UAT-Success]]></Attribute>
<Attribute name="INFORMATION" type="string"><![CDATA[MentionedLocation]]></Attribute>
</EntityData>
</MasterCatalogRecord>
<ResultList highestSeverity="Error">
<Result severity="Error" code="SEC-5503">
<Description lang="en">Attempt to execute 'Edit when record is in workflow' denied on CR_INFORMATION RECORD (190980).</Description>
</Result>
</ResultList>
</Response>
<TransactionResult result="Failed">
<SuccessCount>0</SuccessCount>
</TransactionResult>
</Transaction>
</DataService></soapenv:Body></soapenv:Envelope>
2022-01-25 09:13:38,692-INFO-End : =========================================================================
2022-01-25 09:16:32,287-INFO-Start : =========================================================================
2022-01-25 09:16:32,287-INFO-<soapenv:Envelope xmlns:soapenv="http://schemas.xmlsoap.org/soap/envelope/">
   <soapenv:Header/>
   <soapenv:Body>
<DataService version="2.0" xsi:schemaLocation="http://www.tibco.com/cim/services/mastercatalogrecord/wsdl/2.0 ..\..\..\MasterCatalogRecord_Action.xsd" xmlns:xsi="http://www.w3.org/2001/XMLSchema-instance" xmlns="http://www.tibco.com/cim/services/mastercatalogrecord/wsdl/2.0">
    <Identity>
        <DirectoryPath>
            <Directory type="Enterprise">PRODUCT</Directory>
            <Directory type="User">crms</Directory>
        </DirectoryPath>
        <Authentication>Crms@123</Authentication>
    </Identity>
    <Transaction>
        <!--The Supported CommandTypes for Save are Add and Modify-->
        <Command type="Modify">
            <!--The Suppored commandqualifier for Save are Validate/Process, NoValidate/Process, default is Validate/Process-->
            <MasterCatalogRecord etype="Entity" commandqualifier="Validate/Process">
                <ExternalKeys>
                    <Key name="MASTERCATALOGNAME" type="string">CR_INFORMATION</Key>
                    <Key name="PRODUCTID" type="string">CR_00515</Key>
                    <!-- <Key name="PRODUCTIDEXT" type="string">$(PRODUCTIDEXTENSION)</Key> -->
                </ExternalKeys>
                <EntityData>
                    <Attribute name="PRODUCTID" type="string">CR_00515</Attribute>
                    <Attribute name="STATUS" type="string">Pre-UAT Failure/UAT - Failure</Attribute>
                    <Attribute name="INFORMATION" type="string">MentionedLocation</Attribute>
                </EntityData>
            </MasterCatalogRecord>
        </Command>
    </Transaction>
</DataService>
   </soapenv:Body>
</soapenv:Envelope>
2022-01-25 09:16:32,287-INFO-Response : =================================
2022-01-25 09:16:32,288-INFO-<?xml version='1.0' encoding='utf-8'?><soapenv:Envelope xmlns:soapenv="http://schemas.xmlsoap.org/soap/envelope/"><soapenv:Body><DataService xmlns="http://www.tibco.com/cim/services/mastercatalogrecord/wsdl/2.0" xmlns:xsi="http://www.w3.org/2001/XMLSchema-instance" version="2.0" xsi:schemaLocation="http://www.tibco.com/cim/services/mastercatalogrecord/wsdl/2.0 schemas/MasterCatalogRecord_Action.xsd">
<Transaction>
<Response type="Modify">
<MasterCatalogRecord etype="Entity" commandqualifier="Validate/Process">
<ExternalKeys>
<Key name="MASTERCATALOGNAME" type="string"><![CDATA[CR_INFORMATION]]></Key>
<Key name="PRODUCTID" type="string"><![CDATA[CR_00515]]></Key>
</ExternalKeys>
<EntityData>
<Attribute name="PRODUCTID" type="string"><![CDATA[CR_00515]]></Attribute>
<Attribute name="STATUS" type="string"><![CDATA[Pre-UAT Failure/UAT - Failure]]></Attribute>
<Attribute name="INFORMATION" type="string"><![CDATA[MentionedLocation]]></Attribute>
</EntityData>
</MasterCatalogRecord>
<ResultList highestSeverity="Error">
<Result severity="Error" code="SEC-5503">
<Description lang="en">Attempt to execute 'Edit when record is in workflow' denied on CR_INFORMATION RECORD (190980).</Description>
</Result>
</ResultList>
</Response>
<TransactionResult result="Failed">
<SuccessCount>0</SuccessCount>
</TransactionResult>
</Transaction>
</DataService></soapenv:Body></soapenv:Envelope>
2022-01-25 09:16:32,288-INFO-End : =========================================================================
2022-01-25 09:16:46,038-INFO-Start : =========================================================================
2022-01-25 09:16:46,038-INFO-<soapenv:Envelope xmlns:soapenv="http://schemas.xmlsoap.org/soap/envelope/">
   <soapenv:Header/>
   <soapenv:Body>
<DataService version="2.0" xsi:schemaLocation="http://www.tibco.com/cim/services/mastercatalogrecord/wsdl/2.0 ..\..\..\MasterCatalogRecord_Action.xsd" xmlns:xsi="http://www.w3.org/2001/XMLSchema-instance" xmlns="http://www.tibco.com/cim/services/mastercatalogrecord/wsdl/2.0">
    <Identity>
        <DirectoryPath>
            <Directory type="Enterprise">PRODUCT</Directory>
            <Directory type="User">crms</Directory>
        </DirectoryPath>
        <Authentication>Crms@123</Authentication>
    </Identity>
    <Transaction>
        <!--The Supported CommandTypes for Save are Add and Modify-->
        <Command type="Modify">
            <!--The Suppored commandqualifier for Save are Validate/Process, NoValidate/Process, default is Validate/Process-->
            <MasterCatalogRecord etype="Entity" commandqualifier="Validate/Process">
                <ExternalKeys>
                    <Key name="MASTERCATALOGNAME" type="string">CR_INFORMATION</Key>
                    <Key name="PRODUCTID" type="string">CR_00515</Key>
                    <!-- <Key name="PRODUCTIDEXT" type="string">$(PRODUCTIDEXTENSION)</Key> -->
                </ExternalKeys>
                <EntityData>
                    <Attribute name="PRODUCTID" type="string">CR_00515</Attribute>
                    <Attribute name="STATUS" type="string">Pre-UAT Failure/UAT - Failure</Attribute>
                    <Attribute name="INFORMATION" type="string">MentionedLocation</Attribute>
                </EntityData>
            </MasterCatalogRecord>
        </Command>
    </Transaction>
</DataService>
   </soapenv:Body>
</soapenv:Envelope>
2022-01-25 09:16:46,038-INFO-Response : =================================
2022-01-25 09:16:46,039-INFO-<?xml version='1.0' encoding='utf-8'?><soapenv:Envelope xmlns:soapenv="http://schemas.xmlsoap.org/soap/envelope/"><soapenv:Body><DataService xmlns="http://www.tibco.com/cim/services/mastercatalogrecord/wsdl/2.0" xmlns:xsi="http://www.w3.org/2001/XMLSchema-instance" version="2.0" xsi:schemaLocation="http://www.tibco.com/cim/services/mastercatalogrecord/wsdl/2.0 schemas/MasterCatalogRecord_Action.xsd">
<Transaction>
<Response type="Modify">
<MasterCatalogRecord etype="Entity" commandqualifier="Validate/Process">
<ExternalKeys>
<Key name="MASTERCATALOGNAME" type="string"><![CDATA[CR_INFORMATION]]></Key>
<Key name="PRODUCTID" type="string"><![CDATA[CR_00515]]></Key>
</ExternalKeys>
<EntityData>
<Attribute name="PRODUCTID" type="string"><![CDATA[CR_00515]]></Attribute>
<Attribute name="STATUS" type="string"><![CDATA[Pre-UAT Failure/UAT - Failure]]></Attribute>
<Attribute name="INFORMATION" type="string"><![CDATA[MentionedLocation]]></Attribute>
</EntityData>
</MasterCatalogRecord>
<ResultList highestSeverity="Error">
<Result severity="Error" code="SEC-5503">
<Description lang="en">Attempt to execute 'Edit when record is in workflow' denied on CR_INFORMATION RECORD (190980).</Description>
</Result>
</ResultList>
</Response>
<TransactionResult result="Failed">
<SuccessCount>0</SuccessCount>
</TransactionResult>
</Transaction>
</DataService></soapenv:Body></soapenv:Envelope>
2022-01-25 09:16:46,039-INFO-End : =========================================================================
2022-01-25 16:35:47,029-INFO-Start : =========================================================================
2022-01-25 16:35:47,029-INFO-<soapenv:Envelope xmlns:soapenv="http://schemas.xmlsoap.org/soap/envelope/">
   <soapenv:Header/>
   <soapenv:Body>
<DataService version="2.0" xsi:schemaLocation="http://www.tibco.com/cim/services/mastercatalogrecord/wsdl/2.0 ..\..\..\MasterCatalogRecord_Action.xsd" xmlns:xsi="http://www.w3.org/2001/XMLSchema-instance" xmlns="http://www.tibco.com/cim/services/mastercatalogrecord/wsdl/2.0">
    <Identity>
        <DirectoryPath>
            <Directory type="Enterprise">PRODUCT</Directory>
            <Directory type="User">crms</Directory>
        </DirectoryPath>
        <Authentication>Crms@123</Authentication>
    </Identity>
    <Transaction>
        <!--The Supported CommandTypes for Save are Add and Modify-->
        <Command type="Modify">
            <!--The Suppored commandqualifier for Save are Validate/Process, NoValidate/Process, default is Validate/Process-->
            <MasterCatalogRecord etype="Entity" commandqualifier="Validate/Process">
                <ExternalKeys>
                    <Key name="MASTERCATALOGNAME" type="string">CR_INFORMATION</Key>
                    <Key name="PRODUCTID" type="string">CR_00515</Key>
                    <!-- <Key name="PRODUCTIDEXT" type="string">$(PRODUCTIDEXTENSION)</Key> -->
                </ExternalKeys>
                <EntityData>
                    <Attribute name="PRODUCTID" type="string">CR_00515</Attribute>
                    <Attribute name="STATUS" type="string">Pre-UAT Failure/UAT - Failure</Attribute>
                    <Attribute name="INFORMATION" type="string">MentionedLocation</Attribute>
                </EntityData>
            </MasterCatalogRecord>
        </Command>
    </Transaction>
</DataService>
   </soapenv:Body>
</soapenv:Envelope>
2022-01-25 16:35:47,030-INFO-Response : =================================
2022-01-25 16:35:47,030-INFO-<?xml version='1.0' encoding='utf-8'?><soapenv:Envelope xmlns:soapenv="http://schemas.xmlsoap.org/soap/envelope/"><soapenv:Body><DataService xmlns="http://www.tibco.com/cim/services/mastercatalogrecord/wsdl/2.0" xmlns:xsi="http://www.w3.org/2001/XMLSchema-instance" version="2.0" xsi:schemaLocation="http://www.tibco.com/cim/services/mastercatalogrecord/wsdl/2.0 schemas/MasterCatalogRecord_Action.xsd">
<Transaction>
<Response type="Modify">
<MasterCatalogRecord etype="Entity" commandqualifier="Validate/Process">
<ExternalKeys>
<Key name="MASTERCATALOGNAME" type="string"><![CDATA[CR_INFORMATION]]></Key>
<Key name="PRODUCTID" type="string"><![CDATA[CR_00515]]></Key>
</ExternalKeys>
<EntityData>
<Attribute name="PRODUCTID" type="string"><![CDATA[CR_00515]]></Attribute>
<Attribute name="STATUS" type="string"><![CDATA[Pre-UAT Failure/UAT - Failure]]></Attribute>
<Attribute name="INFORMATION" type="string"><![CDATA[MentionedLocation]]></Attribute>
</EntityData>
</MasterCatalogRecord>
<ResultList highestSeverity="Error">
<Result severity="Error" code="SEC-5503">
<Description lang="en">Attempt to execute 'Edit when record is in workflow' denied on CR_INFORMATION RECORD (190980).</Description>
</Result>
</ResultList>
</Response>
<TransactionResult result="Failed">
<SuccessCount>0</SuccessCount>
</TransactionResult>
</Transaction>
</DataService></soapenv:Body></soapenv:Envelope>
2022-01-25 16:35:47,030-INFO-End : =========================================================================
